GROUP,PACKAGE,CLASS,INSTRUCTION_MISSED,INSTRUCTION_COVERED,BRANCH_MISSED,BRANCH_COVERED,LINE_MISSED,LINE_COVERED,COMPLEXITY_MISSED,COMPLEXITY_COVERED,METHOD_MISSED,METHOD_COVERED
Calendar,calendar,DateOutOfRangeException,7,0,0,0,4,0,2,0,2,0
Calendar,calendar,CalendarMain,355,0,4,0,76,0,4,0,2,0
Calendar,calendar,XmlParserErrorHandler,79,0,2,0,14,0,6,0,5,0
Calendar,calendar,CalDay,354,0,28,0,76,0,30,0,16,0
Calendar,calendar,Appt,122,245,33,11,25,74,28,30,6,30
Calendar,calendar,CalendarUtil,91,0,10,0,13,0,9,0,4,0
Calendar,calendar,DataHandler,985,0,80,0,260,0,57,0,16,0
